Arguments: 
  /home/pi/.config/nvm/versions/node/v14.19.0/bin/node /usr/local/bin/yarn add global svelte-kit

PATH: 
  /home/pi/.config/nvm/versions/node/v14.19.0/bin:/usr/local/sbin:/usr/local/bin:/usr/sbin:/usr/bin:/sbin:/bin:/usr/local/games:/usr/games

Yarn version: 
  1.22.10

Node version: 
  14.19.0

Platform: 
  linux arm

Trace: 
  Error: getaddrinfo EAI_AGAIN codeload.github.com
      at GetAddrInfoReqWrap.onlookup [as oncomplete] (dns.js:71:26)

npm manifest: 
  {
  	"name": "~TODO~",
  	"version": "0.0.1",
  	"scripts": {
  		"dev": "svelte-kit dev",
  		"build": "svelte-kit build",
  		"preview": "svelte-kit preview",
  		"check": "svelte-check --tsconfig ./tsconfig.json",
  		"check:watch": "svelte-check --tsconfig ./tsconfig.json --watch",
  		"lint": "prettier --check --plugin-search-dir=. .",
  		"format": "prettier --write --plugin-search-dir=. ."
  	},
  	"devDependencies": {
  		"@sveltejs/kit": "next",
  		"@types/cookie": "^0.4.0",
  		"coffeescript": "^2.6.1",
  		"prettier": "~2.2.1",
  		"prettier-plugin-svelte": "^2.2.0",
  		"svelte": "^3.34.0",
  		"svelte-check": "^2.0.0",
  		"svelte-preprocess": "^4.10.1",
  		"tslib": "^2.0.0",
  		"typescript": "^4.0.0",
  		"vite-plugin-coffee": "^2.2.1"
  	},
  	"type": "module",
  	"dependencies": {
  		"@fontsource/fira-mono": "^4.2.2",
  		"@lukeed/uuid": "^2.0.0",
  		"cookie": "^0.4.1",
  		"sveltefileuploadcomponent": "github:vipero07/svelte-file-upload-component",
  		"sveltestrap": "github:bestguy/sveltestrap"
  	}
  }

yarn manifest: 
  No manifest

Lockfile: 
  No lockfile
